<?xml version="1.0" encoding="UTF-8"?>
<!-- Generated by org.testng.reporters.JUnitReportReporter -->
<testsuite skipped="0" hostname="DESKTOP-HR5PU5H" name="com.qa.testscripts.TC_Amazon_001" tests="1" failures="0" timestamp="2022-10-20T12:15:14 IST" time="5.320" errors="0">
  <testcase name="checkSearchBar" time="5.320" classname="com.qa.testscripts.TC_Amazon_001"/>
  <system-out/>
</testsuite> <!-- com.qa.testscripts.TC_Amazon_001 -->
