<?xml version="1.0" encoding="UTF-8"?>
<!-- Generated by org.testng.reporters.JUnitReportReporter -->
<testsuite skipped="0" hostname="Harsh-Laptop" name="com.qa.testscripts.TC_NIET_001" tests="1" failures="0" timestamp="2022-12-15T21:19:37 IST" time="6.544" errors="0">
  <testcase name="login" time="6.544" classname="com.qa.testscripts.TC_NIET_001"/>
  <system-out/>
</testsuite> <!-- com.qa.testscripts.TC_NIET_001 -->
